<?xml version="1.0" encoding="UTF-8"?>
<testsuite name="com.bestbuy.bestbuyapiinfo.StoresCRUDTest" time="0.759" tests="4" errors="0" skipped="0" failures="2">
  <properties>
[...]
</properties>
  <testcase name="test001" classname="com.bestbuy.bestbuyapiinfo.StoresCRUDTest" time="0.222">
    <failure message="1 expectation failed.&#10;Expected status code &lt;201&gt; but was &lt;400&gt;.&#10;" type="java.lang.AssertionError"><![CDATA[java.lang.AssertionError: 1 expectation failed.
Expected status code <201> but was <400>.

	at sun.reflect.NativeConstructorAccessorImpl.newInstance0(Native Method)
	at sun.reflect.NativeConstructorAccessorImpl.newInstance(NativeConstructorAccessorImpl.java:62)
	at sun.reflect.DelegatingConstructorAccessorImpl.newInstance(DelegatingConstructorAccessorImpl.java:45)
	at java.lang.reflect.Constructor.newInstance(Constructor.java:423)
	at org.codehaus.groovy.reflection.CachedConstructor.invoke(CachedConstructor.java:83)
	at org.codehaus.groovy.reflection.CachedConstructor.doConstructorInvoke(CachedConstructor.java:77)
	at org.codehaus.groovy.runtime.callsite.ConstructorSite$ConstructorSiteNoUnwrap.callConstructor(ConstructorSite.java:84)
	at org.codehaus.groovy.runtime.callsite.CallSiteArray.defaultCallConstructor(CallSiteArray.java:60)
	at org.codehaus.groovy.runtime.callsite.AbstractCallSite.callConstructor(AbstractCallSite.java:235)
	at org.codehaus.groovy.runtime.callsite.AbstractCallSite.callConstructor(AbstractCallSite.java:247)
	at io.restassured.internal.ResponseSpecificationImpl$HamcrestAssertionClosure.validate(ResponseSpecificationImpl.groovy:471)
	at io.restassured.internal.ResponseSpecificationImpl$HamcrestAssertionClosure$validate$1.call(Unknown Source)
	at io.restassured.internal.ResponseSpecificationImpl.validateResponseIfRequired(ResponseSpecificationImpl.groovy:636)
	at sun.reflect.GeneratedMethodAccessor182.invoke(Unknown Source)
	at sun.reflect.DelegatingMethodAccessorImpl.invoke(DelegatingMethodAccessorImpl.java:43)
	at java.lang.reflect.Method.invoke(Method.java:498)
	at org.codehaus.groovy.runtime.callsite.PogoMetaMethodSite$PogoCachedMethodSiteNoUnwrapNoCoerce.invoke(PogoMetaMethodSite.java:210)
	at org.codehaus.groovy.runtime.callsite.PogoMetaMethodSite.callCurrent(PogoMetaMethodSite.java:59)
	at org.codehaus.groovy.runtime.callsite.AbstractCallSite.callCurrent(AbstractCallSite.java:166)
	at io.restassured.internal.ResponseSpecificationImpl.statusCode(ResponseSpecificationImpl.groovy:122)
	at io.restassured.specification.ResponseSpecification$statusCode$0.callCurrent(Unknown Source)
	at io.restassured.internal.ResponseSpecificationImpl.statusCode(ResponseSpecificationImpl.groovy:130)
	at io.restassured.internal.ValidatableResponseOptionsImpl.statusCode(ValidatableResponseOptionsImpl.java:117)
	at com.bestbuy.bestbuyapiinfo.StoresCRUDTest.test001(StoresCRUDTest.java:39)
]]></failure>
    <system-out><![CDATA[Request method:	POST
Request URI:	http://localhost:3030/services
Proxy:			<none>
Request params:	<none>
Query params:	<none>
Form params:	<none>
Path params:	<none>
Multiparts:		<none>
Headers:		Accept=*/*
				Content-Type=application/json; charset=UTF-8
Cookies:		<none>
Body:
{
    "name": "Pinner53690",
    "type": "SuperStore2985",
    "address": "53884, Pinner road",
    "address2": "Harrow",
    "city": "London",
    "state": "London",
    "zip": "123456",
    "lat": 45.126179,
    "lng": -93.261429,
    "hours": "Mon: 10-9; Tue: 10-9; Wed: 10-9; Thurs: 10-9; Fri: 10-9; Sat: 10-9; Sun: 10-8"
}
HTTP/1.1 400 Bad Request
X-Powered-By: Express
Access-Control-Allow-Origin: *
Allow: GET,POST,PUT,PATCH,DELETE
Content-Type: application/json; charset=utf-8
Content-Length: 548
ETag: W/"224-84dvkQmvnP2WL1ry2cRPOXOdBUE"
Vary: Accept-Encoding
Date: Sun, 09 Jan 2022 12:15:23 GMT
Connection: keep-alive

{
    "name": "BadRequest",
    "message": "Invalid Parameters",
    "code": 400,
    "className": "bad-request",
    "data": {
        
    },
    "errors": [
        "should NOT have additional properties: 'type'",
        "should NOT have additional properties: 'address'",
        "should NOT have additional properties: 'address2'",
        "should NOT have additional properties: 'city'",
        "should NOT have additional properties: 'state'",
        "should NOT have additional properties: 'zip'",
        "should NOT have additional properties: 'lat'",
        "should NOT have additional properties: 'lng'",
        "should NOT have additional properties: 'hours'"
    ]
}
]]></system-out>
    <system-err><![CDATA[32595 [main] INFO net.serenitybdd.core.Serenity - 
        __    _____ _____ ____ _____   ____   _    ____  ____  _____ ____  
  _     \ \  |_   _| ____/ ___|_   _| |  _ \ / \  / ___|/ ___|| ____|  _ \ 
 (_)_____| |   | | |  _| \___ \ | |   | |_) / _ \ \___ \\___ \|  _| | | | |
  _|_____| |   | | | |___ ___) || |   |  __/ ___ \ ___) |___) | |___| |_| |
 (_)     | |   |_| |_____|____/ |_|   |_| /_/   \_\____/|____/|_____|____/ 
        /_/                                                                

TEST PASSED: Delete the service and verify if the service is deleted!
----------------------------------------------------------------------------
32604 [pool-5-thread-2] INFO net.thucydides.core.reports.json.JSONTestOutcomeReporter - Generating JSON report for Verify if the service was added to file C:\Users\shilp\IdeaProjects\BestBuyApi-Serenity\target\site\serenity\7f01a77f73b13af63aff643caf6331e6f5b25fd70eb6dcd1b7917f744867b74f.json (using temp file C:\Users\shilp\IdeaProjects\BestBuyApi-Serenity\target\site\serenity\7f01a77f73b13af63aff643caf6331e6f5b25fd70eb6dcd1b7917f744867b74f.jsonde12f564-80cf-44e6-bef2-fabcdd86ffc0)
32604 [pool-5-thread-1] INFO net.thucydides.core.reports.json.JSONTestOutcomeReporter - Generating JSON report for This will create a new service to file C:\Users\shilp\IdeaProjects\BestBuyApi-Serenity\target\site\serenity\6a33433df65da7db92f4ca04bd27269f69529f6c02ea91b4b5667f9c5e6f603b.json (using temp file C:\Users\shilp\IdeaProjects\BestBuyApi-Serenity\target\site\serenity\6a33433df65da7db92f4ca04bd27269f69529f6c02ea91b4b5667f9c5e6f603b.json58de5f03-deed-4be2-b914-9ffe7cbcf9c1)
32607 [pool-5-thread-3] INFO net.thucydides.core.reports.json.JSONTestOutcomeReporter - Generating JSON report for Update the service information and verify the updated information to file C:\Users\shilp\IdeaProjects\BestBuyApi-Serenity\target\site\serenity\5fab7531d989755d0b2bed4fe7c05da1b15e819ef9702dcfb889fee862afda41.json (using temp file C:\Users\shilp\IdeaProjects\BestBuyApi-Serenity\target\site\serenity\5fab7531d989755d0b2bed4fe7c05da1b15e819ef9702dcfb889fee862afda41.json1f975a07-3356-4b55-8f45-0454df6ed867)
32614 [pool-5-thread-4] INFO net.thucydides.core.reports.json.JSONTestOutcomeReporter - Generating JSON report for Delete the service and verify if the service is deleted! to file C:\Users\shilp\IdeaProjects\BestBuyApi-Serenity\target\site\serenity\0fa728a3695501b9203b7107c1d4f81461d9fd8d7601343b5a85e3ad4bb0172e.json (using temp file C:\Users\shilp\IdeaProjects\BestBuyApi-Serenity\target\site\serenity\0fa728a3695501b9203b7107c1d4f81461d9fd8d7601343b5a85e3ad4bb0172e.json17130b28-c9c6-4727-9323-454cb946a7cb)
32695 [pool-6-thread-4] INFO net.thucydides.core.reports.html.HtmlAcceptanceTestReporter - GENERATING HTML REPORT FOR Services CRUD test:test004 in 0fa728a3695501b9203b7107c1d4f81461d9fd8d7601343b5a85e3ad4bb0172e.html in directory target\site\serenity  
32701 [pool-6-thread-3] INFO net.thucydides.core.reports.html.HtmlAcceptanceTestReporter - GENERATING HTML REPORT FOR Services CRUD test:test003 in 5fab7531d989755d0b2bed4fe7c05da1b15e819ef9702dcfb889fee862afda41.html in directory target\site\serenity  
32707 [pool-6-thread-2] INFO net.thucydides.core.reports.html.HtmlAcceptanceTestReporter - GENERATING HTML REPORT FOR Services CRUD test:test002 in 7f01a77f73b13af63aff643caf6331e6f5b25fd70eb6dcd1b7917f744867b74f.html in directory target\site\serenity  
32722 [pool-6-thread-1] INFO net.thucydides.core.reports.html.HtmlAcceptanceTestReporter - GENERATING HTML REPORT FOR Services CRUD test:test001 in 6a33433df65da7db92f4ca04bd27269f69529f6c02ea91b4b5667f9c5e6f603b.html in directory target\site\serenity  
32870 [main] INFO net.serenitybdd.core.Serenity - Test Suite Started: Stores CRUD test
32872 [main] INFO net.serenitybdd.core.Serenity - 
 _____ _____ ____ _____   ____ _____  _    ____ _____ _____ ____  
|_   _| ____/ ___|_   _| / ___|_   _|/ \  |  _ \_   _| ____|  _ \ 
  | | |  _| \___ \ | |   \___ \ | | / _ \ | |_) || | |  _| | | | |
  | | | |___ ___) || |    ___) || |/ ___ \|  _ < | | | |___| |_| |
  |_| |_____|____/ |_|   |____/ |_/_/   \_\_| \_\|_| |_____|____/ 
                                                                  

TEST STARTED: test001
-------------------------------------------------------------------
32873 [main] INFO net.serenitybdd.core.Serenity - TEST NUMBER: 13
]]></system-err>
  </testcase>
  <testcase name="test002" classname="com.bestbuy.bestbuyapiinfo.StoresCRUDTest" time="0.118"/>
  <testcase name="test003" classname="com.bestbuy.bestbuyapiinfo.StoresCRUDTest" time="0.157">
    <failure message="1 expectation failed.&#10;Expected status code &lt;200&gt; but was &lt;400&gt;.&#10;" type="java.lang.AssertionError"><![CDATA[java.lang.AssertionError: 1 expectation failed.
Expected status code <200> but was <400>.

	at sun.reflect.NativeConstructorAccessorImpl.newInstance0(Native Method)
	at sun.reflect.NativeConstructorAccessorImpl.newInstance(NativeConstructorAccessorImpl.java:62)
	at sun.reflect.DelegatingConstructorAccessorImpl.newInstance(DelegatingConstructorAccessorImpl.java:45)
	at java.lang.reflect.Constructor.newInstance(Constructor.java:423)
	at org.codehaus.groovy.reflection.CachedConstructor.invoke(CachedConstructor.java:83)
	at org.codehaus.groovy.reflection.CachedConstructor.doConstructorInvoke(CachedConstructor.java:77)
	at org.codehaus.groovy.runtime.callsite.ConstructorSite$ConstructorSiteNoUnwrap.callConstructor(ConstructorSite.java:84)
	at org.codehaus.groovy.runtime.callsite.AbstractCallSite.callConstructor(AbstractCallSite.java:247)
	at io.restassured.internal.ResponseSpecificationImpl$HamcrestAssertionClosure.validate(ResponseSpecificationImpl.groovy:471)
	at io.restassured.internal.ResponseSpecificationImpl$HamcrestAssertionClosure$validate$1.call(Unknown Source)
	at io.restassured.internal.ResponseSpecificationImpl.validateResponseIfRequired(ResponseSpecificationImpl.groovy:636)
	at sun.reflect.GeneratedMethodAccessor182.invoke(Unknown Source)
	at sun.reflect.DelegatingMethodAccessorImpl.invoke(DelegatingMethodAccessorImpl.java:43)
	at java.lang.reflect.Method.invoke(Method.java:498)
	at org.codehaus.groovy.runtime.callsite.PogoMetaMethodSite$PogoCachedMethodSiteNoUnwrapNoCoerce.invoke(PogoMetaMethodSite.java:210)
	at org.codehaus.groovy.runtime.callsite.PogoMetaMethodSite.callCurrent(PogoMetaMethodSite.java:59)
	at org.codehaus.groovy.runtime.callsite.AbstractCallSite.callCurrent(AbstractCallSite.java:166)
	at io.restassured.internal.ResponseSpecificationImpl.statusCode(ResponseSpecificationImpl.groovy:122)
	at io.restassured.specification.ResponseSpecification$statusCode$0.callCurrent(Unknown Source)
	at io.restassured.internal.ResponseSpecificationImpl.statusCode(ResponseSpecificationImpl.groovy:130)
	at io.restassured.internal.ValidatableResponseOptionsImpl.statusCode(ValidatableResponseOptionsImpl.java:117)
	at com.bestbuy.bestbuyapiinfo.StoresCRUDTest.test003(StoresCRUDTest.java:55)
]]></failure>
    <system-out><![CDATA[Request method:	PUT
Request URI:	http://localhost:3030/services/3
Proxy:			<none>
Request params:	<none>
Query params:	<none>
Form params:	<none>
Path params:	storeID=3
Multiparts:		<none>
Headers:		Accept=*/*
				Content-Type=application/json; charset=UTF-8
Cookies:		<none>
Body:
{
    "name": "Pinner53690 (Updated)",
    "type": "SuperStore2985",
    "address": "53884, Pinner road (Updated)",
    "address2": "Harrow",
    "city": "London",
    "state": "London",
    "zip": "123456",
    "lat": 45.126179,
    "lng": -93.261429,
    "hours": "Mon: 10-9; Tue: 10-9; Wed: 10-9; Thurs: 10-9; Fri: 10-9; Sat: 10-9; Sun: 10-8"
}
HTTP/1.1 400 Bad Request
X-Powered-By: Express
Access-Control-Allow-Origin: *
Allow: GET,POST,PUT,PATCH,DELETE
Content-Type: application/json; charset=utf-8
Content-Length: 548
ETag: W/"224-84dvkQmvnP2WL1ry2cRPOXOdBUE"
Vary: Accept-Encoding
Date: Sun, 09 Jan 2022 12:15:23 GMT
Connection: keep-alive

{
    "name": "BadRequest",
    "message": "Invalid Parameters",
    "code": 400,
    "className": "bad-request",
    "data": {
        
    },
    "errors": [
        "should NOT have additional properties: 'type'",
        "should NOT have additional properties: 'address'",
        "should NOT have additional properties: 'address2'",
        "should NOT have additional properties: 'city'",
        "should NOT have additional properties: 'state'",
        "should NOT have additional properties: 'zip'",
        "should NOT have additional properties: 'lat'",
        "should NOT have additional properties: 'lng'",
        "should NOT have additional properties: 'hours'"
    ]
}
]]></system-out>
    <system-err><![CDATA[33281 [main] INFO net.serenitybdd.core.Serenity - 
        __    _____ _____ ____ _____   ____   _    ____  ____  _____ ____  
  _     \ \  |_   _| ____/ ___|_   _| |  _ \ / \  / ___|/ ___|| ____|  _ \ 
 (_)_____| |   | | |  _| \___ \ | |   | |_) / _ \ \___ \\___ \|  _| | | | |
  _|_____| |   | | | |___ ___) || |   |  __/ ___ \ ___) |___) | |___| |_| |
 (_)     | |   |_| |_____|____/ |_|   |_| /_/   \_\____/|____/|_____|____/ 
        /_/                                                                

TEST PASSED: Verify if the store was created in application
----------------------------------------------------------------------------
33285 [main] INFO net.serenitybdd.core.Serenity - 
 _____ _____ ____ _____   ____ _____  _    ____ _____ _____ ____  
|_   _| ____/ ___|_   _| / ___|_   _|/ \  |  _ \_   _| ____|  _ \ 
  | | |  _| \___ \ | |   \___ \ | | / _ \ | |_) || | |  _| | | | |
  | | | |___ ___) || |    ___) || |/ ___ \|  _ < | | | |___| |_| |
  |_| |_____|____/ |_|   |____/ |_/_/   \_\_| \_\|_| |_____|____/ 
                                                                  

TEST STARTED: test003
-------------------------------------------------------------------
33287 [main] INFO net.serenitybdd.core.Serenity - TEST NUMBER: 15
]]></system-err>
  </testcase>
  <testcase name="test004" classname="com.bestbuy.bestbuyapiinfo.StoresCRUDTest" time="0.262"/>
</testsuite>