<?xml version="1.0" encoding="UTF-8"?><testsuite errors="0" failures="0" name="com.bestbuy.bestbuyapiinfo.ProductsCRUDTest" skipped="0" tests="4" time="4.79" timestamp="2022-01-09T12:15:16.681Z[Europe/London]"><testcase classname="com.bestbuy.bestbuyapiinfo.ProductsCRUDTest" name="This will create a new product"/><testcase classname="com.bestbuy.bestbuyapiinfo.ProductsCRUDTest" name="Verify if the product was added"/><testcase classname="com.bestbuy.bestbuyapiinfo.ProductsCRUDTest" name="Update the product information and verify the updated information"/><testcase classname="com.bestbuy.bestbuyapiinfo.ProductsCRUDTest" name="Delete the product and verify if the product is deleted!"/></testsuite>