<?xml version="1.0" encoding="UTF-8"?><testsuite errors="0" failures="0" name="com.bestbuy.bestbuyapiinfo.ServicesCRUDTest" skipped="0" tests="4" time="0.78" timestamp="2022-01-09T12:15:21.932Z[Europe/London]"><testcase classname="com.bestbuy.bestbuyapiinfo.ServicesCRUDTest" name="This will create a new service"/><testcase classname="com.bestbuy.bestbuyapiinfo.ServicesCRUDTest" name="Verify if the service was added"/><testcase classname="com.bestbuy.bestbuyapiinfo.ServicesCRUDTest" name="Update the service information and verify the updated information"/><testcase classname="com.bestbuy.bestbuyapiinfo.ServicesCRUDTest" name="Delete the service and verify if the service is deleted!"/></testsuite>