<?xml version="1.0" encoding="UTF-8"?><testsuite errors="0" failures="0" name="com.bestbuy.bestbuyapiinfo.StoresCRUDTest" skipped="0" tests="4" time="18.54" timestamp="2022-01-11T20:24:43.647Z[Europe/London]"><testcase classname="com.bestbuy.bestbuyapiinfo.StoresCRUDTest" name="This will create new store"/><testcase classname="com.bestbuy.bestbuyapiinfo.StoresCRUDTest" name="Verify if the store was created in application"/><testcase classname="com.bestbuy.bestbuyapiinfo.StoresCRUDTest" name="Update store information and verify the updated information"/><testcase classname="com.bestbuy.bestbuyapiinfo.StoresCRUDTest" name="Delete store and verify if the product is deleted"/></testsuite>