<?xml version="1.0" encoding="UTF-8"?><testsuite errors="0" failures="0" name="com.bestbuy.bestbuyapiinfo.CategoriesCRUDTest" skipped="0" tests="4" time="18.22" timestamp="2022-01-09T12:14:52.547Z[Europe/London]"><testcase classname="com.bestbuy.bestbuyapiinfo.CategoriesCRUDTest" name="This will create a new category"/><testcase classname="com.bestbuy.bestbuyapiinfo.CategoriesCRUDTest" name="Verify if the category was created"/><testcase classname="com.bestbuy.bestbuyapiinfo.CategoriesCRUDTest" name="Update the category information and verify the updated information"/><testcase classname="com.bestbuy.bestbuyapiinfo.CategoriesCRUDTest" name="Delete the category and verify if the category is deleted!"/></testsuite>